# JRE version: OpenJDK Runtime Environment Temurin-21.0.7+6 (21.0.7+6) (build 21.0.7+6-LTS)
# Java VM: OpenJDK 64-Bit Server VM Temurin-21.0.7+6 (21.0.7+6-LTS, mixed mode, sharing, tiered, compressed oops, compressed class ptrs, parallel gc, windows-amd64)
GC Precious Log:
 CardTable entry size: 512
 CPUs: 4 total, 4 available
 Memory: 4095M
 Large Page Support: Disabled
 NUMA Support: Disabled
 Compressed Oops: Enabled (32-bit)
 Alignments: Space 512K, Generation 512K, Heap 2M
 Heap Min Capacity: 100M
 Heap Initial Capacity: 100M
 Heap Max Capacity: 2G
 Pre-touch: Disabled
 Parallel Workers: 4
Heap:
 PSYoungGen      total 22016K, used 19655K [0x00000000d5580000, 0x00000000d7200000, 0x0000000100000000)
  eden space 20992K, 88% used [0x00000000d5580000,0x00000000d67b3a78,0x00000000d6a00000)
  from space 1024K, 99% used [0x00000000d6a80000,0x00000000d6b7e270,0x00000000d6b80000)
  to   space 4096K, 0% used [0x00000000d6e00000,0x00000000d6e00000,0x00000000d7200000)
 ParOldGen       total 68608K, used 36921K [0x0000000080000000, 0x0000000084300000, 0x00000000d5580000)
  object space 68608K, 53% used [0x0000000080000000,0x000000008240e5f0,0x0000000084300000)
 Metaspace       used 46854K, committed 48000K, reserved 1114112K
  class space    used 4406K, committed 4928K, reserved 1048576K
GC Heap History (20 events):
Event: 62.704 GC heap before
{Heap before GC invocations=22 (full 2):
 PSYoungGen      total 22528K, used 22525K [0x00000000d5580000, 0x00000000d6e80000, 0x0000000100000000)
  eden space 21504K, 100% used [0x00000000d5580000,0x00000000d6a80000,0x00000000d6a80000)
  from space 1024K, 99% used [0x00000000d6b80000,0x00000000d6c7f638,0x00000000d6c80000)
  to   space 2048K, 0% used [0x00000000d6c80000,0x00000000d6c80000,0x00000000d6e80000)
 ParOldGen       total 68608K, used 28925K [0x0000000080000000, 0x0000000084300000, 0x00000000d5580000)
  object space 68608K, 42% used [0x0000000080000000,0x0000000081c3f470,0x0000000084300000)
 Metaspace       used 36181K, committed 37120K, reserved 1114112K
  class space    used 3566K, committed 4032K, reserved 1048576K
}
Event: 62.706 GC heap after
{Heap after GC invocations=22 (full 2):
 PSYoungGen      total 22528K, used 585K [0x00000000d5580000, 0x00000000d6d80000, 0x0000000100000000)
  eden space 21504K, 0% used [0x00000000d5580000,0x00000000d5580000,0x00000000d6a80000)
  from space 1024K, 57% used [0x00000000d6c80000,0x00000000d6d12580,0x00000000d6d80000)
  to   space 1024K, 0% used [0x00000000d6b80000,0x00000000d6b80000,0x00000000d6c80000)
 ParOldGen       total 68608K, used 29925K [0x0000000080000000, 0x0000000084300000, 0x00000000d5580000)
  object space 68608K, 43% used [0x0000000080000000,0x0000000081d396f0,0x0000000084300000)
 Metaspace       used 36181K, committed 37120K, reserved 1114112K
  class space    used 3566K, committed 4032K, reserved 1048576K
}
Event: 63.800 GC heap before
{Heap before GC invocations=23 (full 2):
 PSYoungGen      total 22528K, used 22089K [0x00000000d5580000, 0x00000000d6d80000, 0x0000000100000000)
  eden space 21504K, 100% used [0x00000000d5580000,0x00000000d6a80000,0x00000000d6a80000)
  from space 1024K, 57% used [0x00000000d6c80000,0x00000000d6d12580,0x00000000d6d80000)
  to   space 1024K, 0% used [0x00000000d6b80000,0x00000000d6b80000,0x00000000d6c80000)
 ParOldGen       total 68608K, used 29925K [0x0000000080000000, 0x0000000084300000, 0x00000000d5580000)
  object space 68608K, 43% used [0x0000000080000000,0x0000000081d396f0,0x0000000084300000)
 Metaspace       used 38509K, committed 39488K, reserved 1114112K
  class space    used 3788K, committed 4224K, reserved 1048576K
}
Event: 63.802 GC heap after
{Heap after GC invocations=23 (full 2):
 PSYoungGen      total 22016K, used 512K [0x00000000d5580000, 0x00000000d6d00000, 0x0000000100000000)
  eden space 21504K, 0% used [0x00000000d5580000,0x00000000d5580000,0x00000000d6a80000)
  from space 512K, 100% used [0x00000000d6b80000,0x00000000d6c00000,0x00000000d6c00000)
  to   space 1024K, 0% used [0x00000000d6c00000,0x00000000d6c00000,0x00000000d6d00000)
 ParOldGen       total 68608K, used 29949K [0x0000000080000000, 0x0000000084300000, 0x00000000d5580000)
  object space 68608K, 43% used [0x0000000080000000,0x0000000081d3f6f0,0x0000000084300000)
 Metaspace       used 38509K, committed 39488K, reserved 1114112K
  class space    used 3788K, committed 4224K, reserved 1048576K
}
Event: 65.947 GC heap before
{Heap before GC invocations=24 (full 2):
 PSYoungGen      total 22016K, used 22016K [0x00000000d5580000, 0x00000000d6d00000, 0x0000000100000000)
  eden space 21504K, 100% used [0x00000000d5580000,0x00000000d6a80000,0x00000000d6a80000)
  from space 512K, 100% used [0x00000000d6b80000,0x00000000d6c00000,0x00000000d6c00000)
  to   space 1024K, 0% used [0x00000000d6c00000,0x00000000d6c00000,0x00000000d6d00000)
 ParOldGen       total 68608K, used 29949K [0x0000000080000000, 0x0000000084300000, 0x00000000d5580000)
  object space 68608K, 43% used [0x0000000080000000,0x0000000081d3f6f0,0x0000000084300000)
 Metaspace       used 40405K, committed 41472K, reserved 1114112K
  class space    used 3963K, committed 4480K, reserved 1048576K
}
Event: 65.952 GC heap after
{Heap after GC invocations=24 (full 2):
 PSYoungGen      total 22016K, used 1023K [0x00000000d5580000, 0x00000000d6e80000, 0x0000000100000000)
  eden space 20992K, 0% used [0x00000000d5580000,0x00000000d5580000,0x00000000d6a00000)
  from space 1024K, 99% used [0x00000000d6c00000,0x00000000d6cffd28,0x00000000d6d00000)
  to   space 2048K, 0% used [0x00000000d6a00000,0x00000000d6a00000,0x00000000d6c00000)
 ParOldGen       total 68608K, used 30630K [0x0000000080000000, 0x0000000084300000, 0x00000000d5580000)
  object space 68608K, 44% used [0x0000000080000000,0x0000000081de9990,0x0000000084300000)
 Metaspace       used 40405K, committed 41472K, reserved 1114112K
  class space    used 3963K, committed 4480K, reserved 1048576K
}
Event: 68.927 GC heap before
{Heap before GC invocations=25 (full 2):
 PSYoungGen      total 22016K, used 22015K [0x00000000d5580000, 0x00000000d6e80000, 0x0000000100000000)
  eden space 20992K, 100% used [0x00000000d5580000,0x00000000d6a00000,0x00000000d6a00000)
  from space 1024K, 99% used [0x00000000d6c00000,0x00000000d6cffd28,0x00000000d6d00000)
  to   space 2048K, 0% used [0x00000000d6a00000,0x00000000d6a00000,0x00000000d6c00000)
 ParOldGen       total 68608K, used 30630K [0x0000000080000000, 0x0000000084300000, 0x00000000d5580000)
  object space 68608K, 44% used [0x0000000080000000,0x0000000081de9990,0x0000000084300000)
 Metaspace       used 41038K, committed 42112K, reserved 1114112K
  class space    used 4021K, committed 4544K, reserved 1048576K
}
Event: 68.931 GC heap after
{Heap after GC invocations=25 (full 2):
 PSYoungGen      total 21504K, used 337K [0x00000000d5580000, 0x00000000d6c80000, 0x0000000100000000)
  eden space 20992K, 0% used [0x00000000d5580000,0x00000000d5580000,0x00000000d6a00000)
  from space 512K, 65% used [0x00000000d6a00000,0x00000000d6a54648,0x00000000d6a80000)
  to   space 1024K, 0% used [0x00000000d6b80000,0x00000000d6b80000,0x00000000d6c80000)
 ParOldGen       total 68608K, used 31562K [0x0000000080000000, 0x0000000084300000, 0x00000000d5580000)
  object space 68608K, 46% used [0x0000000080000000,0x0000000081ed2a40,0x0000000084300000)
 Metaspace       used 41038K, committed 42112K, reserved 1114112K
  class space    used 4021K, committed 4544K, reserved 1048576K
}
Event: 72.809 GC heap before
{Heap before GC invocations=26 (full 2):
 PSYoungGen      total 21504K, used 21329K [0x00000000d5580000, 0x00000000d6c80000, 0x0000000100000000)
  eden space 20992K, 100% used [0x00000000d5580000,0x00000000d6a00000,0x00000000d6a00000)
  from space 512K, 65% used [0x00000000d6a00000,0x00000000d6a54648,0x00000000d6a80000)
  to   space 1024K, 0% used [0x00000000d6b80000,0x00000000d6b80000,0x00000000d6c80000)
 ParOldGen       total 68608K, used 31562K [0x0000000080000000, 0x0000000084300000, 0x00000000d5580000)
  object space 68608K, 46% used [0x0000000080000000,0x0000000081ed2a40,0x0000000084300000)
 Metaspace       used 41373K, committed 42496K, reserved 1114112K
  class space    used 4036K, committed 4608K, reserved 1048576K
}
Event: 72.810 GC heap after
{Heap after GC invocations=26 (full 2):
 PSYoungGen      total 21504K, used 128K [0x00000000d5580000, 0x00000000d6c00000, 0x0000000100000000)
  eden space 20992K, 0% used [0x00000000d5580000,0x00000000d5580000,0x00000000d6a00000)
  from space 512K, 25% used [0x00000000d6b80000,0x00000000d6ba0000,0x00000000d6c00000)
  to   space 512K, 0% used [0x00000000d6a00000,0x00000000d6a00000,0x00000000d6a80000)
 ParOldGen       total 68608K, used 31781K [0x0000000080000000, 0x0000000084300000, 0x00000000d5580000)
  object space 68608K, 46% used [0x0000000080000000,0x0000000081f09640,0x0000000084300000)
 Metaspace       used 41373K, committed 42496K, reserved 1114112K
  class space    used 4036K, committed 4608K, reserved 1048576K
}
Event: 256.445 GC heap before
{Heap before GC invocations=27 (full 2):
 PSYoungGen      total 21504K, used 21117K [0x00000000d5580000, 0x00000000d6c00000, 0x0000000100000000)
  eden space 20992K, 99% used [0x00000000d5580000,0x00000000d69ff7c0,0x00000000d6a00000)
  from space 512K, 25% used [0x00000000d6b80000,0x00000000d6ba0000,0x00000000d6c00000)
  to   space 512K, 0% used [0x00000000d6a00000,0x00000000d6a00000,0x00000000d6a80000)
 ParOldGen       total 68608K, used 31781K [0x0000000080000000, 0x0000000084300000, 0x00000000d5580000)
  object space 68608K, 46% used [0x0000000080000000,0x0000000081f09640,0x0000000084300000)
 Metaspace       used 42049K, committed 43136K, reserved 1114112K
  class space    used 4067K, committed 4608K, reserved 1048576K
}
Event: 256.449 GC heap after
{Heap after GC invocations=27 (full 2):
 PSYoungGen      total 21504K, used 494K [0x00000000d5580000, 0x00000000d6d00000, 0x0000000100000000)
  eden space 20992K, 0% used [0x00000000d5580000,0x00000000d5580000,0x00000000d6a00000)
  from space 512K, 96% used [0x00000000d6a00000,0x00000000d6a7bb30,0x00000000d6a80000)
  to   space 1536K, 0% used [0x00000000d6b80000,0x00000000d6b80000,0x00000000d6d00000)
 ParOldGen       total 68608K, used 32567K [0x0000000080000000, 0x0000000084300000, 0x00000000d5580000)
  object space 68608K, 47% used [0x0000000080000000,0x0000000081fcddb0,0x0000000084300000)
 Metaspace       used 42049K, committed 43136K, reserved 1114112K
  class space    used 4067K, committed 4608K, reserved 1048576K
}
Event: 295.067 GC heap before
{Heap before GC invocations=28 (full 2):
 PSYoungGen      total 21504K, used 21486K [0x00000000d5580000, 0x00000000d6d00000, 0x0000000100000000)
  eden space 20992K, 100% used [0x00000000d5580000,0x00000000d6a00000,0x00000000d6a00000)
  from space 512K, 96% used [0x00000000d6a00000,0x00000000d6a7bb30,0x00000000d6a80000)
  to   space 1536K, 0% used [0x00000000d6b80000,0x00000000d6b80000,0x00000000d6d00000)
 ParOldGen       total 68608K, used 32567K [0x0000000080000000, 0x0000000084300000, 0x00000000d5580000)
  object space 68608K, 47% used [0x0000000080000000,0x0000000081fcddb0,0x0000000084300000)
 Metaspace       used 42931K, committed 43968K, reserved 1114112K
  class space    used 4096K, committed 4608K, reserved 1048576K
}
Event: 295.072 GC heap after
{Heap after GC invocations=28 (full 2):
 PSYoungGen      total 22528K, used 1198K [0x00000000d5580000, 0x00000000d6d00000, 0x0000000100000000)
  eden space 20992K, 0% used [0x00000000d5580000,0x00000000d5580000,0x00000000d6a00000)
  from space 1536K, 78% used [0x00000000d6b80000,0x00000000d6cabae8,0x00000000d6d00000)
  to   space 1536K, 0% used [0x00000000d6a00000,0x00000000d6a00000,0x00000000d6b80000)
 ParOldGen       total 68608K, used 33007K [0x0000000080000000, 0x0000000084300000, 0x00000000d5580000)
  object space 68608K, 48% used [0x0000000080000000,0x000000008203bc70,0x0000000084300000)
 Metaspace       used 42931K, committed 43968K, reserved 1114112K
  class space    used 4096K, committed 4608K, reserved 1048576K
}
Event: 327.930 GC heap before
{Heap before GC invocations=29 (full 2):
 PSYoungGen      total 22528K, used 22190K [0x00000000d5580000, 0x00000000d6d00000, 0x0000000100000000)
  eden space 20992K, 100% used [0x00000000d5580000,0x00000000d6a00000,0x00000000d6a00000)
  from space 1536K, 78% used [0x00000000d6b80000,0x00000000d6cabae8,0x00000000d6d00000)
  to   space 1536K, 0% used [0x00000000d6a00000,0x00000000d6a00000,0x00000000d6b80000)
 ParOldGen       total 68608K, used 33007K [0x0000000080000000, 0x0000000084300000, 0x00000000d5580000)
  object space 68608K, 48% used [0x0000000080000000,0x000000008203bc70,0x0000000084300000)
 Metaspace       used 44833K, committed 45952K, reserved 1114112K
  class space    used 4267K, committed 4800K, reserved 1048576K
}
Event: 327.934 GC heap after
{Heap after GC invocations=29 (full 2):
 PSYoungGen      total 22528K, used 960K [0x00000000d5580000, 0x00000000d6d00000, 0x0000000100000000)
  eden space 20992K, 0% used [0x00000000d5580000,0x00000000d5580000,0x00000000d6a00000)
  from space 1536K, 62% used [0x00000000d6a00000,0x00000000d6af0040,0x00000000d6b80000)
  to   space 1536K, 0% used [0x00000000d6b80000,0x00000000d6b80000,0x00000000d6d00000)
 ParOldGen       total 68608K, used 33712K [0x0000000080000000, 0x0000000084300000, 0x00000000d5580000)
  object space 68608K, 49% used [0x0000000080000000,0x00000000820ec3f8,0x0000000084300000)
 Metaspace       used 44833K, committed 45952K, reserved 1114112K
  class space    used 4267K, committed 4800K, reserved 1048576K
}
Event: 330.902 GC heap before
{Heap before GC invocations=30 (full 2):
 PSYoungGen      total 22528K, used 21952K [0x00000000d5580000, 0x00000000d6d00000, 0x0000000100000000)
  eden space 20992K, 100% used [0x00000000d5580000,0x00000000d6a00000,0x00000000d6a00000)
  from space 1536K, 62% used [0x00000000d6a00000,0x00000000d6af0040,0x00000000d6b80000)
  to   space 1536K, 0% used [0x00000000d6b80000,0x00000000d6b80000,0x00000000d6d00000)
 ParOldGen       total 68608K, used 33712K [0x0000000080000000, 0x0000000084300000, 0x00000000d5580000)
  object space 68608K, 49% used [0x0000000080000000,0x00000000820ec3f8,0x0000000084300000)
 Metaspace       used 45606K, committed 46656K, reserved 1114112K
  class space    used 4331K, committed 4800K, reserved 1048576K
}
Event: 330.906 GC heap after
{Heap after GC invocations=30 (full 2):
 PSYoungGen      total 22016K, used 992K [0x00000000d5580000, 0x00000000d6c80000, 0x0000000100000000)
  eden space 20992K, 0% used [0x00000000d5580000,0x00000000d5580000,0x00000000d6a00000)
  from space 1024K, 96% used [0x00000000d6b80000,0x00000000d6c78020,0x00000000d6c80000)
  to   space 1024K, 0% used [0x00000000d6a80000,0x00000000d6a80000,0x00000000d6b80000)
 ParOldGen       total 68608K, used 34569K [0x0000000080000000, 0x0000000084300000, 0x00000000d5580000)
  object space 68608K, 50% used [0x0000000080000000,0x00000000821c2790,0x0000000084300000)
 Metaspace       used 45606K, committed 46656K, reserved 1114112K
  class space    used 4331K, committed 4800K, reserved 1048576K
}
Event: 356.425 GC heap before
{Heap before GC invocations=31 (full 2):
 PSYoungGen      total 22016K, used 21984K [0x00000000d5580000, 0x00000000d6c80000, 0x0000000100000000)
  eden space 20992K, 100% used [0x00000000d5580000,0x00000000d6a00000,0x00000000d6a00000)
  from space 1024K, 96% used [0x00000000d6b80000,0x00000000d6c78020,0x00000000d6c80000)
  to   space 1024K, 0% used [0x00000000d6a80000,0x00000000d6a80000,0x00000000d6b80000)
 ParOldGen       total 68608K, used 34569K [0x0000000080000000, 0x0000000084300000, 0x00000000d5580000)
  object space 68608K, 50% used [0x0000000080000000,0x00000000821c2790,0x0000000084300000)
 Metaspace       used 46524K, committed 47680K, reserved 1114112K
  class space    used 4399K, committed 4928K, reserved 1048576K
}
Event: 356.435 GC heap after
{Heap after GC invocations=31 (full 2):
 PSYoungGen      total 22016K, used 1016K [0x00000000d5580000, 0x00000000d7200000, 0x0000000100000000)
  eden space 20992K, 0% used [0x00000000d5580000,0x00000000d5580000,0x00000000d6a00000)
  from space 1024K, 99% used [0x00000000d6a80000,0x00000000d6b7e270,0x00000000d6b80000)
  to   space 4096K, 0% used [0x00000000d6e00000,0x00000000d6e00000,0x00000000d7200000)
 ParOldGen       total 68608K, used 36921K [0x0000000080000000, 0x0000000084300000, 0x00000000d5580000)
  object space 68608K, 53% used [0x0000000080000000,0x000000008240e5f0,0x0000000084300000)
 Metaspace       used 46524K, committed 47680K, reserved 1114112K
  class space    used 4399K, committed 4928K, reserved 1048576K
}

