# JRE version: OpenJDK Runtime Environment Temurin-21.0.7+6 (21.0.7+6) (build 21.0.7+6-LTS)
# Java VM: OpenJDK 64-Bit Server VM Temurin-21.0.7+6 (21.0.7+6-LTS, mixed mode, sharing, tiered, compressed oops, compressed class ptrs, parallel gc, windows-amd64)
GC Precious Log:
 CardTable entry size: 512
 CPUs: 4 total, 4 available
 Memory: 4095M
 Large Page Support: Disabled
 NUMA Support: Disabled
 Compressed Oops: Enabled (32-bit)
 Alignments: Space 512K, Generation 512K, Heap 2M
 Heap Min Capacity: 100M
 Heap Initial Capacity: 100M
 Heap Max Capacity: 2G
 Pre-touch: Disabled
 Parallel Workers: 4
Heap:
 PSYoungGen      total 21504K, used 7818K [0x00000000d5580000, 0x00000000d6d00000, 0x0000000100000000)
  eden space 19968K, 31% used [0x00000000d5580000,0x00000000d5ba2890,0x00000000d6900000)
  from space 1536K, 100% used [0x00000000d6900000,0x00000000d6a80000,0x00000000d6a80000)
  to   space 2048K, 0% used [0x00000000d6b00000,0x00000000d6b00000,0x00000000d6d00000)
 ParOldGen       total 68608K, used 42585K [0x0000000080000000, 0x0000000084300000, 0x00000000d5580000)
  object space 68608K, 62% used [0x0000000080000000,0x00000000829964f0,0x0000000084300000)
 Metaspace       used 47888K, committed 49088K, reserved 1114112K
  class space    used 4410K, committed 4928K, reserved 1048576K
GC Heap History (20 events):
Event: 16.419 GC heap before
{Heap before GC invocations=26 (full 2):
 PSYoungGen      total 22016K, used 21973K [0x00000000d5580000, 0x00000000d7080000, 0x0000000100000000)
  eden space 21504K, 99% used [0x00000000d5580000,0x00000000d6a77358,0x00000000d6a80000)
  from space 512K, 98% used [0x00000000d6b80000,0x00000000d6bfe490,0x00000000d6c00000)
  to   space 3072K, 0% used [0x00000000d6d80000,0x00000000d6d80000,0x00000000d7080000)
 ParOldGen       total 68608K, used 31413K [0x0000000080000000, 0x0000000084300000, 0x00000000d5580000)
  object space 68608K, 45% used [0x0000000080000000,0x0000000081ead4b0,0x0000000084300000)
 Metaspace       used 42732K, committed 43840K, reserved 1114112K
  class space    used 4189K, committed 4672K, reserved 1048576K
}
Event: 16.426 GC heap after
{Heap after GC invocations=26 (full 2):
 PSYoungGen      total 23040K, used 3058K [0x00000000d5580000, 0x00000000d7380000, 0x0000000100000000)
  eden space 19968K, 0% used [0x00000000d5580000,0x00000000d5580000,0x00000000d6900000)
  from space 3072K, 99% used [0x00000000d6d80000,0x00000000d707c958,0x00000000d7080000)
  to   space 4608K, 0% used [0x00000000d6900000,0x00000000d6900000,0x00000000d6d80000)
 ParOldGen       total 68608K, used 32505K [0x0000000080000000, 0x0000000084300000, 0x00000000d5580000)
  object space 68608K, 47% used [0x0000000080000000,0x0000000081fbe7c8,0x0000000084300000)
 Metaspace       used 42732K, committed 43840K, reserved 1114112K
  class space    used 4189K, committed 4672K, reserved 1048576K
}
Event: 17.681 GC heap before
{Heap before GC invocations=27 (full 2):
 PSYoungGen      total 23040K, used 23026K [0x00000000d5580000, 0x00000000d7380000, 0x0000000100000000)
  eden space 19968K, 100% used [0x00000000d5580000,0x00000000d6900000,0x00000000d6900000)
  from space 3072K, 99% used [0x00000000d6d80000,0x00000000d707c958,0x00000000d7080000)
  to   space 4608K, 0% used [0x00000000d6900000,0x00000000d6900000,0x00000000d6d80000)
 ParOldGen       total 68608K, used 32505K [0x0000000080000000, 0x0000000084300000, 0x00000000d5580000)
  object space 68608K, 47% used [0x0000000080000000,0x0000000081fbe7c8,0x0000000084300000)
 Metaspace       used 44390K, committed 45504K, reserved 1114112K
  class space    used 4272K, committed 4736K, reserved 1048576K
}
Event: 17.691 GC heap after
{Heap after GC invocations=27 (full 2):
 PSYoungGen      total 23552K, used 3335K [0x00000000d5580000, 0x00000000d7100000, 0x0000000100000000)
  eden space 19968K, 0% used [0x00000000d5580000,0x00000000d5580000,0x00000000d6900000)
  from space 3584K, 93% used [0x00000000d6900000,0x00000000d6c41cd8,0x00000000d6c80000)
  to   space 4096K, 0% used [0x00000000d6d00000,0x00000000d6d00000,0x00000000d7100000)
 ParOldGen       total 68608K, used 35405K [0x0000000080000000, 0x0000000084300000, 0x00000000d5580000)
  object space 68608K, 51% used [0x0000000080000000,0x0000000082293798,0x0000000084300000)
 Metaspace       used 44390K, committed 45504K, reserved 1114112K
  class space    used 4272K, committed 4736K, reserved 1048576K
}
Event: 18.415 GC heap before
{Heap before GC invocations=28 (full 2):
 PSYoungGen      total 23552K, used 23303K [0x00000000d5580000, 0x00000000d7100000, 0x0000000100000000)
  eden space 19968K, 100% used [0x00000000d5580000,0x00000000d6900000,0x00000000d6900000)
  from space 3584K, 93% used [0x00000000d6900000,0x00000000d6c41cd8,0x00000000d6c80000)
  to   space 4096K, 0% used [0x00000000d6d00000,0x00000000d6d00000,0x00000000d7100000)
 ParOldGen       total 68608K, used 35405K [0x0000000080000000, 0x0000000084300000, 0x00000000d5580000)
  object space 68608K, 51% used [0x0000000080000000,0x0000000082293798,0x0000000084300000)
 Metaspace       used 44883K, committed 46016K, reserved 1114112K
  class space    used 4275K, committed 4736K, reserved 1048576K
}
Event: 18.426 GC heap after
{Heap after GC invocations=28 (full 2):
 PSYoungGen      total 20480K, used 352K [0x00000000d5580000, 0x00000000d6d80000, 0x0000000100000000)
  eden space 19968K, 0% used [0x00000000d5580000,0x00000000d5580000,0x00000000d6900000)
  from space 512K, 68% used [0x00000000d6d00000,0x00000000d6d58000,0x00000000d6d80000)
  to   space 1536K, 0% used [0x00000000d6a80000,0x00000000d6a80000,0x00000000d6c00000)
 ParOldGen       total 68608K, used 38400K [0x0000000080000000, 0x0000000084300000, 0x00000000d5580000)
  object space 68608K, 55% used [0x0000000080000000,0x00000000825803d0,0x0000000084300000)
 Metaspace       used 44883K, committed 46016K, reserved 1114112K
  class space    used 4275K, committed 4736K, reserved 1048576K
}
Event: 22.585 GC heap before
{Heap before GC invocations=29 (full 2):
 PSYoungGen      total 20480K, used 20320K [0x00000000d5580000, 0x00000000d6d80000, 0x0000000100000000)
  eden space 19968K, 100% used [0x00000000d5580000,0x00000000d6900000,0x00000000d6900000)
  from space 512K, 68% used [0x00000000d6d00000,0x00000000d6d58000,0x00000000d6d80000)
  to   space 1536K, 0% used [0x00000000d6a80000,0x00000000d6a80000,0x00000000d6c00000)
 ParOldGen       total 68608K, used 38400K [0x0000000080000000, 0x0000000084300000, 0x00000000d5580000)
  object space 68608K, 55% used [0x0000000080000000,0x00000000825803d0,0x0000000084300000)
 Metaspace       used 46104K, committed 47232K, reserved 1114112K
  class space    used 4357K, committed 4864K, reserved 1048576K
}
Event: 22.588 GC heap after
{Heap after GC invocations=29 (full 2):
 PSYoungGen      total 21504K, used 568K [0x00000000d5580000, 0x00000000d6d80000, 0x0000000100000000)
  eden space 19968K, 0% used [0x00000000d5580000,0x00000000d5580000,0x00000000d6900000)
  from space 1536K, 37% used [0x00000000d6a80000,0x00000000d6b0e1a8,0x00000000d6c00000)
  to   space 1024K, 0% used [0x00000000d6c80000,0x00000000d6c80000,0x00000000d6d80000)
 ParOldGen       total 68608K, used 38659K [0x0000000080000000, 0x0000000084300000, 0x00000000d5580000)
  object space 68608K, 56% used [0x0000000080000000,0x00000000825c0c38,0x0000000084300000)
 Metaspace       used 46104K, committed 47232K, reserved 1114112K
  class space    used 4357K, committed 4864K, reserved 1048576K
}
Event: 26.973 GC heap before
{Heap before GC invocations=30 (full 2):
 PSYoungGen      total 21504K, used 20536K [0x00000000d5580000, 0x00000000d6d80000, 0x0000000100000000)
  eden space 19968K, 100% used [0x00000000d5580000,0x00000000d6900000,0x00000000d6900000)
  from space 1536K, 37% used [0x00000000d6a80000,0x00000000d6b0e1a8,0x00000000d6c00000)
  to   space 1024K, 0% used [0x00000000d6c80000,0x00000000d6c80000,0x00000000d6d80000)
 ParOldGen       total 68608K, used 38659K [0x0000000080000000, 0x0000000084300000, 0x00000000d5580000)
  object space 68608K, 56% used [0x0000000080000000,0x00000000825c0c38,0x0000000084300000)
 Metaspace       used 46564K, committed 47744K, reserved 1114112K
  class space    used 4378K, committed 4864K, reserved 1048576K
}
Event: 26.976 GC heap after
{Heap after GC invocations=30 (full 2):
 PSYoungGen      total 20480K, used 272K [0x00000000d5580000, 0x00000000d6d00000, 0x0000000100000000)
  eden space 19968K, 0% used [0x00000000d5580000,0x00000000d5580000,0x00000000d6900000)
  from space 512K, 53% used [0x00000000d6c80000,0x00000000d6cc4160,0x00000000d6d00000)
  to   space 512K, 0% used [0x00000000d6c00000,0x00000000d6c00000,0x00000000d6c80000)
 ParOldGen       total 68608K, used 39101K [0x0000000080000000, 0x0000000084300000, 0x00000000d5580000)
  object space 68608K, 56% used [0x0000000080000000,0x000000008262f4f8,0x0000000084300000)
 Metaspace       used 46564K, committed 47744K, reserved 1114112K
  class space    used 4378K, committed 4864K, reserved 1048576K
}
Event: 32.372 GC heap before
{Heap before GC invocations=31 (full 2):
 PSYoungGen      total 20480K, used 20240K [0x00000000d5580000, 0x00000000d6d00000, 0x0000000100000000)
  eden space 19968K, 99% used [0x00000000d5580000,0x00000000d68ffff8,0x00000000d6900000)
  from space 512K, 53% used [0x00000000d6c80000,0x00000000d6cc4160,0x00000000d6d00000)
  to   space 512K, 0% used [0x00000000d6c00000,0x00000000d6c00000,0x00000000d6c80000)
 ParOldGen       total 68608K, used 39101K [0x0000000080000000, 0x0000000084300000, 0x00000000d5580000)
  object space 68608K, 56% used [0x0000000080000000,0x000000008262f4f8,0x0000000084300000)
 Metaspace       used 46812K, committed 47936K, reserved 1114112K
  class space    used 4384K, committed 4864K, reserved 1048576K
}
Event: 32.374 GC heap after
{Heap after GC invocations=31 (full 2):
 PSYoungGen      total 20480K, used 160K [0x00000000d5580000, 0x00000000d6d00000, 0x0000000100000000)
  eden space 19968K, 0% used [0x00000000d5580000,0x00000000d5580000,0x00000000d6900000)
  from space 512K, 31% used [0x00000000d6c00000,0x00000000d6c28000,0x00000000d6c80000)
  to   space 512K, 0% used [0x00000000d6c80000,0x00000000d6c80000,0x00000000d6d00000)
 ParOldGen       total 68608K, used 39310K [0x0000000080000000, 0x0000000084300000, 0x00000000d5580000)
  object space 68608K, 57% used [0x0000000080000000,0x00000000826638a0,0x0000000084300000)
 Metaspace       used 46812K, committed 47936K, reserved 1114112K
  class space    used 4384K, committed 4864K, reserved 1048576K
}
Event: 36.725 GC heap before
{Heap before GC invocations=32 (full 2):
 PSYoungGen      total 20480K, used 20128K [0x00000000d5580000, 0x00000000d6d00000, 0x0000000100000000)
  eden space 19968K, 100% used [0x00000000d5580000,0x00000000d6900000,0x00000000d6900000)
  from space 512K, 31% used [0x00000000d6c00000,0x00000000d6c28000,0x00000000d6c80000)
  to   space 512K, 0% used [0x00000000d6c80000,0x00000000d6c80000,0x00000000d6d00000)
 ParOldGen       total 68608K, used 39310K [0x0000000080000000, 0x0000000084300000, 0x00000000d5580000)
  object space 68608K, 57% used [0x0000000080000000,0x00000000826638a0,0x0000000084300000)
 Metaspace       used 47024K, committed 48256K, reserved 1114112K
  class space    used 4387K, committed 4928K, reserved 1048576K
}
Event: 36.727 GC heap after
{Heap after GC invocations=32 (full 2):
 PSYoungGen      total 20480K, used 128K [0x00000000d5580000, 0x00000000d6d00000, 0x0000000100000000)
  eden space 19968K, 0% used [0x00000000d5580000,0x00000000d5580000,0x00000000d6900000)
  from space 512K, 25% used [0x00000000d6c80000,0x00000000d6ca0000,0x00000000d6d00000)
  to   space 512K, 0% used [0x00000000d6c00000,0x00000000d6c00000,0x00000000d6c80000)
 ParOldGen       total 68608K, used 39342K [0x0000000080000000, 0x0000000084300000, 0x00000000d5580000)
  object space 68608K, 57% used [0x0000000080000000,0x000000008266b8a0,0x0000000084300000)
 Metaspace       used 47024K, committed 48256K, reserved 1114112K
  class space    used 4387K, committed 4928K, reserved 1048576K
}
Event: 39.805 GC heap before
{Heap before GC invocations=33 (full 2):
 PSYoungGen      total 20480K, used 20096K [0x00000000d5580000, 0x00000000d6d00000, 0x0000000100000000)
  eden space 19968K, 100% used [0x00000000d5580000,0x00000000d6900000,0x00000000d6900000)
  from space 512K, 25% used [0x00000000d6c80000,0x00000000d6ca0000,0x00000000d6d00000)
  to   space 512K, 0% used [0x00000000d6c00000,0x00000000d6c00000,0x00000000d6c80000)
 ParOldGen       total 68608K, used 39342K [0x0000000080000000, 0x0000000084300000, 0x00000000d5580000)
  object space 68608K, 57% used [0x0000000080000000,0x000000008266b8a0,0x0000000084300000)
 Metaspace       used 47291K, committed 48512K, reserved 1114112K
  class space    used 4397K, committed 4928K, reserved 1048576K
}
Event: 39.808 GC heap after
{Heap after GC invocations=33 (full 2):
 PSYoungGen      total 20480K, used 512K [0x00000000d5580000, 0x00000000d6d00000, 0x0000000100000000)
  eden space 19968K, 0% used [0x00000000d5580000,0x00000000d5580000,0x00000000d6900000)
  from space 512K, 100% used [0x00000000d6c00000,0x00000000d6c80000,0x00000000d6c80000)
  to   space 512K, 0% used [0x00000000d6c80000,0x00000000d6c80000,0x00000000d6d00000)
 ParOldGen       total 68608K, used 40211K [0x0000000080000000, 0x0000000084300000, 0x00000000d5580000)
  object space 68608K, 58% used [0x0000000080000000,0x0000000082744d60,0x0000000084300000)
 Metaspace       used 47291K, committed 48512K, reserved 1114112K
  class space    used 4397K, committed 4928K, reserved 1048576K
}
Event: 46.571 GC heap before
{Heap before GC invocations=34 (full 2):
 PSYoungGen      total 20480K, used 20480K [0x00000000d5580000, 0x00000000d6d00000, 0x0000000100000000)
  eden space 19968K, 100% used [0x00000000d5580000,0x00000000d6900000,0x00000000d6900000)
  from space 512K, 100% used [0x00000000d6c00000,0x00000000d6c80000,0x00000000d6c80000)
  to   space 512K, 0% used [0x00000000d6c80000,0x00000000d6c80000,0x00000000d6d00000)
 ParOldGen       total 68608K, used 40211K [0x0000000080000000, 0x0000000084300000, 0x00000000d5580000)
  object space 68608K, 58% used [0x0000000080000000,0x0000000082744d60,0x0000000084300000)
 Metaspace       used 47502K, committed 48704K, reserved 1114112K
  class space    used 4409K, committed 4928K, reserved 1048576K
}
Event: 46.575 GC heap after
{Heap after GC invocations=34 (full 2):
 PSYoungGen      total 20480K, used 496K [0x00000000d5580000, 0x00000000d6f00000, 0x0000000100000000)
  eden space 19968K, 0% used [0x00000000d5580000,0x00000000d5580000,0x00000000d6900000)
  from space 512K, 96% used [0x00000000d6c80000,0x00000000d6cfc010,0x00000000d6d00000)
  to   space 3072K, 0% used [0x00000000d6900000,0x00000000d6900000,0x00000000d6c00000)
 ParOldGen       total 68608K, used 42144K [0x0000000080000000, 0x0000000084300000, 0x00000000d5580000)
  object space 68608K, 61% used [0x0000000080000000,0x0000000082928268,0x0000000084300000)
 Metaspace       used 47502K, committed 48704K, reserved 1114112K
  class space    used 4409K, committed 4928K, reserved 1048576K
}
Event: 51.079 GC heap before
{Heap before GC invocations=35 (full 2):
 PSYoungGen      total 20480K, used 20464K [0x00000000d5580000, 0x00000000d6f00000, 0x0000000100000000)
  eden space 19968K, 100% used [0x00000000d5580000,0x00000000d6900000,0x00000000d6900000)
  from space 512K, 96% used [0x00000000d6c80000,0x00000000d6cfc010,0x00000000d6d00000)
  to   space 3072K, 0% used [0x00000000d6900000,0x00000000d6900000,0x00000000d6c00000)
 ParOldGen       total 68608K, used 42144K [0x0000000080000000, 0x0000000084300000, 0x00000000d5580000)
  object space 68608K, 61% used [0x0000000080000000,0x0000000082928268,0x0000000084300000)
 Metaspace       used 47846K, committed 49088K, reserved 1114112K
  class space    used 4409K, committed 4928K, reserved 1048576K
}
Event: 51.085 GC heap after
{Heap after GC invocations=35 (full 2):
 PSYoungGen      total 21504K, used 1536K [0x00000000d5580000, 0x00000000d6d00000, 0x0000000100000000)
  eden space 19968K, 0% used [0x00000000d5580000,0x00000000d5580000,0x00000000d6900000)
  from space 1536K, 100% used [0x00000000d6900000,0x00000000d6a80000,0x00000000d6a80000)
  to   space 2048K, 0% used [0x00000000d6b00000,0x00000000d6b00000,0x00000000d6d00000)
 ParOldGen       total 68608K, used 42585K [0x0000000080000000, 0x0000000084300000, 0x00000000d5580000)
  object space 68608K, 62% used [0x0000000080000000,0x00000000829964f0,0x0000000084300000)
 Metaspace       used 47846K, committed 49088K, reserved 1114112K
  class space    used 4409K, committed 4928K, reserved 1048576K
}

